\BOOKMARK [0][-]{chapter*.3}{Introduction}{}% 1
\BOOKMARK [0][-]{chapter.1}{Coordinated exploration}{}% 2
\BOOKMARK [1][-]{section.1.1}{Introduction}{chapter.1}% 3
\BOOKMARK [1][-]{section.1.2}{Related work}{chapter.1}% 4
\BOOKMARK [2][-]{subsection.1.2.1}{Robot-to-target assignment}{section.1.2}% 5
\BOOKMARK [2][-]{subsection.1.2.2}{Utility function}{section.1.2}% 6
\BOOKMARK [1][-]{section.1.3}{Proposed exploration strategy}{chapter.1}% 7
\BOOKMARK [2][-]{subsection.1.3.1}{Overview}{section.1.3}% 8
\BOOKMARK [2][-]{subsection.1.3.2}{Frontier points selection}{section.1.3}% 9
\BOOKMARK [2][-]{subsection.1.3.3}{Information gain computation}{section.1.3}% 10
\BOOKMARK [2][-]{subsection.1.3.4}{Frontier points processing}{section.1.3}% 11
\BOOKMARK [2][-]{subsection.1.3.5}{Goal assignment process}{section.1.3}% 12
\BOOKMARK [2][-]{subsection.1.3.6}{Path planning and control}{section.1.3}% 13
\BOOKMARK [1][-]{section.1.4}{Result and discussions}{chapter.1}% 14
\BOOKMARK [2][-]{subsection.1.4.1}{Parameters tuning}{section.1.4}% 15
\BOOKMARK [2][-]{subsection.1.4.2}{Exploration strategy performances}{section.1.4}% 16
\BOOKMARK [2][-]{subsection.1.4.3}{Exploration mission using relative localization algorithm}{section.1.4}% 17
\BOOKMARK [1][-]{section.1.5}{Conclusion}{chapter.1}% 18
\BOOKMARK [0][-]{chapter.2}{Inter-robot communication}{}% 19
\BOOKMARK [1][-]{section.2.1}{Introduction}{chapter.2}% 20
\BOOKMARK [1][-]{section.2.2}{Network classification}{chapter.2}% 21
\BOOKMARK [2][-]{subsection.2.2.1}{Infrastructure versus infrastructureless mode}{section.2.2}% 22
\BOOKMARK [2][-]{subsection.2.2.2}{Ad Hoc network classification}{section.2.2}% 23
\BOOKMARK [2][-]{subsection.2.2.3}{Network topology classification}{section.2.2}% 24
\BOOKMARK [1][-]{section.2.3}{Network typology}{chapter.2}% 25
\BOOKMARK [2][-]{subsection.2.3.1}{Related work}{section.2.3}% 26
\BOOKMARK [2][-]{subsection.2.3.2}{Network standards and protocols}{section.2.3}% 27
\BOOKMARK [2][-]{subsection.2.3.3}{Result and discussion}{section.2.3}% 28
\BOOKMARK [1][-]{section.2.4}{Network topology and strategy for MRS robustness}{chapter.2}% 29
\BOOKMARK [2][-]{subsection.2.4.1}{Related work}{section.2.4}% 30
\BOOKMARK [2][-]{subsection.2.4.2}{Inter-robot communication approach}{section.2.4}% 31
\BOOKMARK [2][-]{subsection.2.4.3}{Results and discussion}{section.2.4}% 32
\BOOKMARK [1][-]{section.2.5}{Conclusion}{chapter.2}% 33
\BOOKMARK [0][-]{section.2.5}{Conclusion}{}% 34
\BOOKMARK [0][-]{chapter*.75}{References}{}% 35
